<?xml version="1.0" encoding="UTF-8"?>
<!-- Generated by org.testng.reporters.JUnitXMLReporter -->
<testsuite hostname="DESKTOP-1HNQQAN" name="LoginTest" tests="1" failures="0" timestamp="25 Feb 2020 16:16:50 GMT" time="0.069" errors="0">
  <testcase name="@BeforeSuite setUp" time="0.0" classname="com.TestCases.LoginTest">
    <failure type="java.lang.IllegalStateException" message="The driver executable does not exist: D:\Java and testing\LiveProject\EprocBill\src\test\resources\executable\chrome.exe">
      <![CDATA[java.lang.IllegalStateException: The driver executable does not exist: D:\Java and testing\LiveProject\EprocBill\src\test\resources\executable\chrome.exe
	at com.google.common.base.Preconditions.checkState(Preconditions.java:199)
	at org.openqa.selenium.remote.service.DriverService.checkExecutable(DriverService.java:121)
	at org.openqa.selenium.remote.service.DriverService.findExecutable(DriverService.java:116)
	at org.openqa.selenium.chrome.ChromeDriverService.access$0(ChromeDriverService.java:1)
	at org.openqa.selenium.chrome.ChromeDriverService$Builder.findDefaultExecutable(ChromeDriverService.java:137)
	at org.openqa.selenium.remote.service.DriverService$Builder.build(DriverService.java:296)
	at org.openqa.selenium.chrome.ChromeDriverService.createDefaultService(ChromeDriverService.java:88)
	at org.openqa.selenium.chrome.ChromeDriver.<init>(ChromeDriver.java:116)
	at com.jbkBase.TestBase.setUp(TestBase.java:58)
... Removed 18 stack frames]]>
    </failure>
  </testcase> <!-- @BeforeSuite setUp -->
  <testcase name="Login" time="0.001" classname="com.TestCases.LoginTest">
    <skipped/>
  </testcase> <!-- Login -->
</testsuite> <!-- LoginTest -->
